2023-11-17 17:43:34.958 Summary Test Results for Host SessionEstablishment
Monitor:host-topic-phid-death-payload-timestamp-connect: PASS;
Monitor:operational-behavior-host-application-host-id: PASS;
Monitor:topic-structure: PASS;
components-ph-state: PASS;
conformance-primary-host: PASS;
host-topic-phid-birth-message: PASS;
host-topic-phid-birth-payload: PASS;
host-topic-phid-birth-payload-timestamp: PASS;
host-topic-phid-birth-qos: PASS;
host-topic-phid-birth-required: PASS;
host-topic-phid-birth-retain: PASS;
host-topic-phid-birth-sub-required: PASS;
host-topic-phid-birth-topic: PASS;
host-topic-phid-death-payload: PASS;
host-topic-phid-death-qos: PASS;
host-topic-phid-death-required: PASS;
host-topic-phid-death-retain: PASS;
host-topic-phid-death-topic: PASS;
intro-sparkplug-host-state: PASS;
message-flow-hid-sparkplug-state-message-delivered: PASS;
message-flow-phid-sparkplug-clean-session-311: PASS;
message-flow-phid-sparkplug-clean-session-50: NOT EXECUTED;
message-flow-phid-sparkplug-state-publish: PASS;
message-flow-phid-sparkplug-state-publish-payload: PASS;
message-flow-phid-sparkplug-state-publish-payload-timestamp: PASS;
message-flow-phid-sparkplug-subscription: PASS;
operational-behavior-host-application-connect-birth: PASS;
operational-behavior-host-application-connect-birth-payload: PASS;
operational-behavior-host-application-connect-birth-qos: PASS;
operational-behavior-host-application-connect-birth-retained: PASS;
operational-behavior-host-application-connect-birth-topic: PASS;
operational-behavior-host-application-connect-will: PASS;
operational-behavior-host-application-connect-will-payload: PASS;
operational-behavior-host-application-connect-will-qos: PASS;
operational-behavior-host-application-connect-will-retained: PASS;
operational-behavior-host-application-connect-will-topic: PASS;
payloads-state-birth: PASS;
payloads-state-birth-payload: PASS;
payloads-state-subscribe: PASS;
payloads-state-will-message: PASS;
payloads-state-will-message-payload: PASS;
payloads-state-will-message-qos: PASS;
payloads-state-will-message-retain: PASS;
principles-birth-certificates-order: PASS;
OVERALL: PASS but INCOMPLETE;

2023-11-17 17:44:24.779 Summary Test Results for Host SessionTermination
Monitor:operational-behavior-host-application-host-id: PASS;
Monitor:topic-structure: PASS;
host-topic-phid-death-payload-timestamp-disconnect-clean: PASS;
host-topic-phid-death-payload-timestamp-disconnect-with-no-disconnect-packet: NOT EXECUTED;
operational-behavior-host-application-death-payload: PASS;
operational-behavior-host-application-death-qos: PASS;
operational-behavior-host-application-death-retained: PASS;
operational-behavior-host-application-death-topic: PASS;
operational-behavior-host-application-disconnect-intentional: PASS;
operational-behavior-host-application-termination: PASS;
OVERALL: PASS but INCOMPLETE;

2023-11-17 17:50:19.181 Summary Test Results for Host SendCommand
payloads-dcmd-timestamp: PASS;
payloads-dcmd-retain: PASS;
topics-dcmd-payload: PASS;
Monitor:topic-structure-namespace-duplicate-device-id-across-edge-node: PASS;
operational-behavior-data-commands-dcmd-metric-value: PASS;
payloads-ncmd-timestamp: PASS;
topics-ncmd-timestamp: PASS;
Monitor:topic-structure-namespace-valid-edge-node-id: PASS;
Monitor:topic-structure-namespace-device-id-associated-message-types: PASS;
payloads-ncmd-retain: PASS;
operational-behavior-data-commands-ncmd-metric-value: PASS;
message-flow-edge-node-birth-publish-will-message-topic: PASS;
payloads-name-cmd-requirement: PASS;
payloads-dcmd-qos: PASS;
Monitor:payloads-nbirth-seq: PASS;
Monitor:topic-structure-namespace-valid-group-id: PASS;
Monitor:payloads-timestamp-in-UTC: PASS;
topics-dcmd-timestamp: PASS;
operational-behavior-data-commands-ncmd-rebirth-value: PASS;
topics-ncmd-payload: PASS;
payloads-ncmd-qos: PASS;
operational-behavior-data-commands-ncmd-rebirth-name: PASS;
topics-dcmd-mqtt: PASS;
operational-behavior-data-commands-ncmd-rebirth-verb: PASS;
operational-behavior-data-commands-dcmd-verb: PASS;
Monitor:topic-structure-namespace-valid-device-id: PASS;
operational-behavior-data-commands-ncmd-verb: PASS;
Monitor:case-sensitivity-sparkplug-ids: PASS;
operational-behavior-data-commands-ncmd-metric-name: PASS;
topics-dcmd-topic: PASS;
Monitor:topic-structure: PASS;
topics-ncmd-mqtt: PASS;
topics-ncmd-topic: PASS;
Monitor:topic-structure-namespace-device-id-non-associated-message-types: PASS;
payloads-dcmd-seq: PASS;
payloads-ncmd-seq: PASS;
operational-behavior-data-commands-dcmd-metric-name: PASS;
OVERALL: PASS;

2023-11-17 17:51:41.92 Summary Test Results for Sparkplug Host Edge Node Session Termination Test
Monitor:case-sensitivity-sparkplug-ids: PASS;
Monitor:payloads-timestamp-in-UTC: PASS;
Monitor:topic-structure: PASS;
Monitor:topic-structure-namespace-device-id-associated-message-types: PASS;
Monitor:topic-structure-namespace-device-id-non-associated-message-types: PASS;
Monitor:topic-structure-namespace-duplicate-device-id-across-edge-node: PASS;
Monitor:topic-structure-namespace-valid-device-id: PASS;
Monitor:topic-structure-namespace-valid-edge-node-id: PASS;
Monitor:topic-structure-namespace-valid-group-id: PASS;
operational-behavior-edge-node-termination-host-action-ddeath-devices-offline: PASS;
operational-behavior-edge-node-termination-host-action-ddeath-devices-tags-stale: PASS;
operational-behavior-edge-node-termination-host-action-ndeath-devices-offline: PASS;
operational-behavior-edge-node-termination-host-action-ndeath-devices-tags-stale: PASS;
operational-behavior-edge-node-termination-host-action-ndeath-node-offline: PASS;
operational-behavior-edge-node-termination-host-action-ndeath-node-tags-stale: PASS;
OVERALL: PASS;

2023-11-17 17:52:41.507 Summary Test Results for Host Message Ordering
Monitor:payloads-sequence-num-incrementing: PASS;
operational-behavior-host-reordering-param: PASS;
Monitor:topic-structure-namespace-duplicate-device-id-across-edge-node: PASS;
Monitor:topic-structure-namespace-valid-edge-node-id: PASS;
Monitor:operational-behavior-data-publish-dbirth: PASS;
Monitor:topic-structure-namespace-device-id-associated-message-types: PASS;
Monitor:principles-rbe-recommended: PASS;
Monitor:payloads-nbirth-seq: PASS;
Monitor:topic-structure-namespace-valid-group-id: PASS;
Monitor:payloads-timestamp-in-UTC: PASS;
operational-behavior-host-reordering-rebirth: PASS;
Monitor:topics-dbirth-metric-reqs: PASS;
operational-behavior-host-reordering-success: PASS;
operational-behavior-host-reordering-start: PASS;
Monitor:topic-structure-namespace-valid-device-id: PASS;
Monitor:operational-behavior-data-publish-dbirth-change: PASS;
Monitor:payloads-ndata-seq-inc: PASS;
Monitor:case-sensitivity-sparkplug-ids: PASS;
Monitor:topics-nbirth-bdseq-increment: PASS;
Monitor:topic-structure: PASS;
Monitor:message-flow-edge-node-birth-publish-will-message-payload-bdSeq: PASS;
Monitor:topic-structure-namespace-device-id-non-associated-message-types: PASS;
OVERALL: PASS;

2023-11-17 17:54:14.441 Summary Test Results for Host Multiple Broker
Monitor:host-topic-phid-death-payload-timestamp-connect: PASS;
operational-behavior-primary-application-state-with-multiple-servers-state-subs: PASS;
Monitor:operational-behavior-host-application-connect-will-payload: PASS;
Monitor:host-topic-phid-birth-payload: PASS;
operational-behavior-primary-application-state-with-multiple-servers-state: PASS;
Monitor:topic-structure: PASS;
operational-behavior-host-application-multi-server-timestamp: PASS;
Monitor:payloads-state-will-message-payload: PASS;
OVERALL: PASS;
